Build started 1/26/2014 5:57:24 AM.
     1>Project "C:\ProgramData\NVIDIA Corporation\CUDA Samples\v5.5\5_Simulations\nbody\nbody_vs2012.vcxproj" on node 2 (Build target(s)).
     1>AddCudaCompileDeps:
         c:\Program Files (x86)\Microsoft Visual Studio 10.0\VC\bin\cl.exe /E /nologo /showIncludes /TP /D__CUDACC__ /DWIN32 /DWIN32 /D_MBCS /I./ /I../../common/inc /I./ /I../../common/inc /I"C:\Program Files\NVIDIA GPU Computing Toolkit\CUDA\v5.5\include" /I"C:\Program Files\NVIDIA GPU Computing Toolkit\CUDA\v5.5\bin" /I"C:\Program Files\NVIDIA GPU Computing Toolkit\CUDA\v5.5\include" /I. /FIcuda_runtime.h /c "C:\ProgramData\NVIDIA Corporation\CUDA Samples\v5.5\5_Simulations\nbody\bodysystemcuda.cu" 
       CudaBuild:
         Compiling CUDA source file bodysystemcuda.cu...
         cmd.exe /C "C:\Users\akessler\AppData\Local\Temp\tmpa9aae82a06e044ad8b8340073d0591e0.cmd"
         "C:\Program Files\NVIDIA GPU Computing Toolkit\CUDA\v5.5\bin\nvcc.exe" -gencode=arch=compute_10,code=\"sm_10,compute_10\" -gencode=arch=compute_20,code=\"sm_20,compute_20\" -gencode=arch=compute_30,code=\"sm_30,compute_30\" -gencode=arch=compute_35,code=\"sm_35,compute_35\" --use-local-env --cl-version 2010 -ccbin "c:\Program Files (x86)\Microsoft Visual Studio 10.0\VC\bin"  -I./ -I../../common/inc -I./ -I../../common/inc -I"C:\Program Files\NVIDIA GPU Computing Toolkit\CUDA\v5.5\include" -I"C:\Program Files\NVIDIA GPU Computing Toolkit\CUDA\v5.5\include"  -G   --keep-dir Debug -maxrregcount=0  --machine 32 --compile -cudart static -Xcompiler "/wd 4819"  -g   -DWIN32 -DWIN32 -D_MBCS -Xcompiler "/EHsc /W3 /nologo /Od /Zi /RTC1 /MTd  " -o Win32/Debug/bodysystemcuda.cu.obj "C:\ProgramData\NVIDIA Corporation\CUDA Samples\v5.5\5_Simulations\nbody\bodysystemcuda.cu"
         
         C:\ProgramData\NVIDIA Corporation\CUDA Samples\v5.5\5_Simulations\nbody>"C:\Program Files\NVIDIA GPU Computing Toolkit\CUDA\v5.5\bin\nvcc.exe" -gencode=arch=compute_10,code=\"sm_10,compute_10\" -gencode=arch=compute_20,code=\"sm_20,compute_20\" -gencode=arch=compute_30,code=\"sm_30,compute_30\" -gencode=arch=compute_35,code=\"sm_35,compute_35\" --use-local-env --cl-version 2010 -ccbin "c:\Program Files (x86)\Microsoft Visual Studio 10.0\VC\bin"  -I./ -I../../common/inc -I./ -I../../common/inc -I"C:\Program Files\NVIDIA GPU Computing Toolkit\CUDA\v5.5\include" -I"C:\Program Files\NVIDIA GPU Computing Toolkit\CUDA\v5.5\include"  -G   --keep-dir Debug -maxrregcount=0  --machine 32 --compile -cudart static -Xcompiler "/wd 4819"  -g   -DWIN32 -DWIN32 -D_MBCS -Xcompiler "/EHsc /W3 /nologo /Od /Zi /RTC1 /MTd  " -o Win32/Debug/bodysystemcuda.cu.obj "C:\ProgramData\NVIDIA Corporation\CUDA Samples\v5.5\5_Simulations\nbody\bodysystemcuda.cu" 
       ClCompile:
         c:\Program Files (x86)\Microsoft Visual Studio 10.0\VC\bin\CL.exe /c /I./ /I../../common/inc /I"C:\Program Files\NVIDIA GPU Computing Toolkit\CUDA\v5.5\include" /ZI /nologo /W3 /WX- /Od /Oy- /D WIN32 /D _MBCS /Gm /EHsc /RTC1 /MTd /GS /fp:precise /Zc:wchar_t /Zc:forScope /Fo"Win32/Debug/" /Fd"Win32/Debug/vc100.pdb" /Gd /TP /analyze- /errorReport:prompt nbody.cpp render_particles.cpp
         render_particles.cpp
         nbody.cpp
         Generating Code...
       Link:
         c:\Program Files (x86)\Microsoft Visual Studio 10.0\VC\bin\link.exe /ERRORREPORT:PROMPT /OUT:"../../bin/win32/Debug//nbody.exe" /NOLOGO /LIBPATH:"C:\Program Files\NVIDIA GPU Computing Toolkit\CUDA\v5.5\lib\Win32" /LIBPATH:../../common/lib/Win32 cudart_static.lib freeglut.lib glew32.lib kernel32.lib user32.lib gdi32.lib winspool.lib comdlg32.lib advapi32.lib shell32.lib ole32.lib oleaut32.lib uuid.lib odbc32.lib odbccp32.lib kernel32.lib user32.lib gdi32.lib winspool.lib comdlg32.lib advapi32.lib shell32.lib ole32.lib oleaut32.lib uuid.lib odbc32.lib odbccp32.lib /MANIFEST /ManifestFile:"Win32/Debug/nbody.exe.intermediate.manifest" /MANIFESTUAC:"level='asInvoker' uiAccess='false'" /DEBUG /PDB:"C:\ProgramData\NVIDIA Corporation\CUDA Samples\v5.5\bin\win32\Debug\nbody.pdb" /SUBSYSTEM:CONSOLE /TLBID:1 /DYNAMICBASE /NXCOMPAT /IMPLIB:"../../bin/win32/Debug/nbody.lib" /MACHINE:X86 Win32/Debug/bodysystemcuda.cu.obj
         Win32/Debug/nbody.obj
         Win32/Debug/render_particles.obj
            Creating library ../../bin/win32/Debug/nbody.lib and object ../../bin/win32/Debug/nbody.exp
         nbody_vs2012.vcxproj -> C:\ProgramData\NVIDIA Corporation\CUDA Samples\v5.5\5_Simulations\nbody\../../bin/win32/Debug/nbody.exe
       Manifest:
         c:\Program Files (x86)\Microsoft SDKs\Windows\v7.0A\bin\mt.exe /nologo /verbose /outputresource:"../../bin/win32/Debug//nbody.exe;#1" /manifest Win32/Debug/nbody.exe.intermediate.manifest
     1>Done Building Project "C:\ProgramData\NVIDIA Corporation\CUDA Samples\v5.5\5_Simulations\nbody\nbody_vs2012.vcxproj" (Build target(s)).

Build succeeded.

Time Elapsed 00:00:23.05
